<?xml version="1.0" encoding="UTF-8"?>
<testng-results skipped="0" failed="0" ignored="0" total="1" passed="1">
  <reporter-output>
  </reporter-output>
  <suite name="Default suite" duration-ms="10440" started-at="2020-06-16T17:09:49 EDT" finished-at="2020-06-16T17:09:59 EDT">
    <groups>
    </groups>
    <test name="Default test" duration-ms="10440" started-at="2020-06-16T17:09:49 EDT" finished-at="2020-06-16T17:09:59 EDT">
      <class name="gethub.Gethubclass">
        <test-method status="PASS" signature="openBrowers()[pri:0, instance:gethub.Gethubclass@369f73a2]" name="openBrowers" duration-ms="10373" started-at="2020-06-16T17:09:49 EDT" finished-at="2020-06-16T17:09:59 EDT">
          <reporter-output>
          </reporter-output>
        </test-method> <!-- openBrowers -->
      </class> <!-- gethub.Gethubclass -->
    </test> <!-- Default test -->
  </suite> <!-- Default suite -->
</testng-results>
